frequency of core 0 : 2400000  khz at Fri May  6 02:53:54 IST 2016 
frequency of  core 1 : 2400000 khz at Fri May  6 02:53:54 IST 2016 
frequency of core 2 : 2400000  khz at Fri May  6 02:53:54 IST 2016  
frequency of core 3 : 2400000 khz at Fri May  6 02:53:54 IST 2016 
Voltage of core 0 : 0.900634765625V at Fri May  6 02:53:54 IST 2016  
Voltage of core 1 : 0.8956298828125V at Fri May  6 02:53:55 IST 2016 
Voltage of core 2 : 0.900634765625V at Fri May  6 02:53:55 IST 2016 
Voltage of core 3 : 0.8856201171875V at Fri May  6 02:53:55 IST 2016 
Temp of core 0 : +52.0°CV at Fri May  6 02:53:55 IST 2016 
Temp of core 1 : +52.0°CV at Fri May  6 02:53:55 IST 2016 
Temp of core 2 : +54.0°CV at Fri May  6 02:53:55 IST 2016 
Temp of core 3 : +54.0°CV at Fri May  6 02:53:55 IST 2016  
---------------------------ONDEMAND mode started at time Fri May  6 02:53:55 IST 2016  ------------------------------- :
 ---------------------------ONDEMAND mode started at time Fri May  6 02:53:56 IST 2016  ------------------------------- :
 frequency of core 0 : 1200000  khz at Fri May  6 02:53:56 IST 2016 
frequency of  core 1 : 1200000 khz at Fri May  6 02:53:56 IST 2016 
frequency of core 2 : 1200000  khz at Fri May  6 02:53:56 IST 2016  
frequency of core 3 : 1200000 khz at Fri May  6 02:53:56 IST 2016 
Voltage of core 0 : 0.860595703125V at Fri May  6 02:53:56 IST 2016  
Voltage of core 1 : 0.820556640625V at Fri May  6 02:53:56 IST 2016 
Voltage of core 2 : 0.810546875V at Fri May  6 02:53:56 IST 2016 
Voltage of core 3 : 0.880615234375V at Fri May  6 02:53:56 IST 2016 
Temp of core 0 : +51.0°CV at Fri May  6 02:53:56 IST 2016 
Temp of core 1 : +51.0°CV at Fri May  6 02:53:56 IST 2016 
Temp of core 2 : +53.0°CV at Fri May  6 02:53:56 IST 2016 
Temp of core 3 : +53.0°CV at Fri May  6 02:53:56 IST 2016  
------------------------HighFrequency mode started at Fri May  6 02:53:58 IST 2016  : ----------------------------------- 
 frequency of core 0 : 2400000  khz at Fri May  6 02:53:58 IST 2016 
frequency of  core 1 : 2400000 khz at Fri May  6 02:53:58 IST 2016 
frequency of core 2 : 2400000  khz at Fri May  6 02:53:58 IST 2016  
frequency of core 3 : 2400000 khz at Fri May  6 02:53:58 IST 2016 
Voltage of core 0 : 0.8856201171875V at Fri May  6 02:53:58 IST 2016  
Voltage of core 1 : 0.900634765625V at Fri May  6 02:53:58 IST 2016 
Voltage of core 2 : 0.880615234375V at Fri May  6 02:53:58 IST 2016 
Voltage of core 3 : 0.8856201171875V at Fri May  6 02:53:58 IST 2016 
Temp of core 0 : +50.0°CV at Fri May  6 02:53:58 IST 2016 
Temp of core 1 : +50.0°CV at Fri May  6 02:53:58 IST 2016 
Temp of core 2 : +54.0°CV at Fri May  6 02:53:58 IST 2016 
Temp of core 3 : +54.0°CV at Fri May  6 02:53:58 IST 2016  
-------------------------LowFrequency mode started at Fri May  6 02:54:00 IST 2016  -------------------- ---  :
 frequency of core 0 : 1200000  khz at Fri May  6 02:54:00 IST 2016 
frequency of  core 1 : 1200000 khz at Fri May  6 02:54:00 IST 2016 
frequency of core 2 : 1200000  khz at Fri May  6 02:54:00 IST 2016  
frequency of core 3 : 1200000 khz at Fri May  6 02:54:00 IST 2016 
Voltage of core 0 : 0.820556640625V at Fri May  6 02:54:00 IST 2016  
Voltage of core 1 : 0.8155517578125V at Fri May  6 02:54:00 IST 2016 
Voltage of core 2 : 0.8155517578125V at Fri May  6 02:54:01 IST 2016 
Voltage of core 3 : 0.810546875V at Fri May  6 02:54:01 IST 2016 
Temp of core 0 : +49.0°CV at Fri May  6 02:54:01 IST 2016 
Temp of core 1 : +49.0°CV at Fri May  6 02:54:01 IST 2016 
Temp of core 2 : +52.0°CV at Fri May  6 02:54:01 IST 2016 
Temp of core 3 : +52.0°CV at Fri May  6 02:54:01 IST 2016  
frequency of core 0 : 1200000  khz at Fri May  6 02:54:02 IST 2016 
frequency of  core 1 : 1200000 khz at Fri May  6 02:54:02 IST 2016 
frequency of core 2 : 1200000  khz at Fri May  6 02:54:02 IST 2016  
frequency of core 3 : 1200000 khz at Fri May  6 02:54:02 IST 2016 
Voltage of core 0 : 0.820556640625V at Fri May  6 02:54:02 IST 2016  
Voltage of core 1 : 0.820556640625V at Fri May  6 02:54:02 IST 2016 
Voltage of core 2 : 0.8155517578125V at Fri May  6 02:54:03 IST 2016 
Voltage of core 3 : 0.8155517578125V at Fri May  6 02:54:03 IST 2016 
Temp of core 0 : +50.0°CV at Fri May  6 02:54:03 IST 2016 
Temp of core 1 : +50.0°CV at Fri May  6 02:54:03 IST 2016 
Temp of core 2 : +51.0°CV at Fri May  6 02:54:03 IST 2016 
Temp of core 3 : +51.0°CV at Fri May  6 02:54:03 IST 2016  
frequency of core 0 : 1200000  khz at Fri May  6 02:54:04 IST 2016 
frequency of  core 1 : 1200000 khz at Fri May  6 02:54:04 IST 2016 
frequency of core 2 : 1200000  khz at Fri May  6 02:54:04 IST 2016  
frequency of core 3 : 1200000 khz at Fri May  6 02:54:04 IST 2016 
Voltage of core 0 : 0.820556640625V at Fri May  6 02:54:04 IST 2016  
Voltage of core 1 : 0.820556640625V at Fri May  6 02:54:04 IST 2016 
Voltage of core 2 : 0.8155517578125V at Fri May  6 02:54:05 IST 2016 
Voltage of core 3 : 0.820556640625V at Fri May  6 02:54:05 IST 2016 
Temp of core 0 : +50.0°CV at Fri May  6 02:54:05 IST 2016 
Temp of core 1 : +50.0°CV at Fri May  6 02:54:05 IST 2016 
Temp of core 2 : +52.0°CV at Fri May  6 02:54:05 IST 2016 
Temp of core 3 : +52.0°CV at Fri May  6 02:54:05 IST 2016  
frequency of core 0 : 1200000  khz at Fri May  6 02:54:06 IST 2016 
frequency of  core 1 : 1200000 khz at Fri May  6 02:54:06 IST 2016 
frequency of core 2 : 1200000  khz at Fri May  6 02:54:06 IST 2016  
frequency of core 3 : 1200000 khz at Fri May  6 02:54:06 IST 2016 
Voltage of core 0 : 0.8155517578125V at Fri May  6 02:54:06 IST 2016  
Voltage of core 1 : 0.820556640625V at Fri May  6 02:54:06 IST 2016 
Voltage of core 2 : 0.8155517578125V at Fri May  6 02:54:07 IST 2016 
Voltage of core 3 : 0.810546875V at Fri May  6 02:54:07 IST 2016 
Temp of core 0 : +49.0°CV at Fri May  6 02:54:07 IST 2016 
Temp of core 1 : +49.0°CV at Fri May  6 02:54:07 IST 2016 
Temp of core 2 : +52.0°CV at Fri May  6 02:54:07 IST 2016 
Temp of core 3 : +52.0°CV at Fri May  6 02:54:07 IST 2016  
---------------------------ONDEMAND mode started at time Fri May  6 02:54:07 IST 2016  ------------------------------- :
 frequency of core 0 : 1200000  khz at Fri May  6 02:54:08 IST 2016 
frequency of  core 1 : 1200000 khz at Fri May  6 02:54:08 IST 2016 
frequency of core 2 : 1200000  khz at Fri May  6 02:54:08 IST 2016  
frequency of core 3 : 1200000 khz at Fri May  6 02:54:08 IST 2016 
Voltage of core 0 : 0.890625V at Fri May  6 02:54:08 IST 2016  
Voltage of core 1 : 0.8756103515625V at Fri May  6 02:54:08 IST 2016 
Voltage of core 2 : 0.8856201171875V at Fri May  6 02:54:08 IST 2016 
Voltage of core 3 : 0.840576171875V at Fri May  6 02:54:08 IST 2016 
Temp of core 0 : +50.0°CV at Fri May  6 02:54:08 IST 2016 
Temp of core 1 : +50.0°CV at Fri May  6 02:54:08 IST 2016 
Temp of core 2 : +53.0°CV at Fri May  6 02:54:08 IST 2016 
Temp of core 3 : +53.0°CV at Fri May  6 02:54:08 IST 2016  
-----------------------RoundFrequency mode started at  Fri May  6 02:54:09 IST 2016  -------------------------------  : 
frequency of core 0 : 2400000  khz at Fri May  6 02:54:10 IST 2016 
frequency of  core 1 : 2400000 khz at Fri May  6 02:54:10 IST 2016 
frequency of core 2 : 2400000  khz at Fri May  6 02:54:10 IST 2016  
frequency of core 3 : 2400000 khz at Fri May  6 02:54:10 IST 2016 
Voltage of core 0 : 0.820556640625V at Fri May  6 02:54:10 IST 2016  
Voltage of core 1 : 0.8656005859375V at Fri May  6 02:54:10 IST 2016 
Voltage of core 2 : 0.840576171875V at Fri May  6 02:54:10 IST 2016 
Voltage of core 3 : 0.820556640625V at Fri May  6 02:54:10 IST 2016 
Temp of core 0 : +49.0°CV at Fri May  6 02:54:10 IST 2016 
Temp of core 1 : +49.0°CV at Fri May  6 02:54:10 IST 2016 
Temp of core 2 : +53.0°CV at Fri May  6 02:54:10 IST 2016 
Temp of core 3 : +53.0°CV at Fri May  6 02:54:10 IST 2016  
-------------------------LowFrequency mode started at Fri May  6 02:54:11 IST 2016  -------------------- ---  :
 ------------------------HighFrequency mode started at Fri May  6 02:54:12 IST 2016  : ----------------------------------- 
 frequency of core 0 : 2400000  khz at Fri May  6 02:54:12 IST 2016 
frequency of  core 1 : 2400000 khz at Fri May  6 02:54:12 IST 2016 
frequency of core 2 : 2400000  khz at Fri May  6 02:54:12 IST 2016  
frequency of core 3 : 2400000 khz at Fri May  6 02:54:12 IST 2016 
Voltage of core 0 : 0.900634765625V at Fri May  6 02:54:12 IST 2016  
Voltage of core 1 : 0.900634765625V at Fri May  6 02:54:12 IST 2016 
Voltage of core 2 : 0.8956298828125V at Fri May  6 02:54:12 IST 2016 
Voltage of core 3 : 0.8856201171875V at Fri May  6 02:54:12 IST 2016 
Temp of core 0 : +51.0°CV at Fri May  6 02:54:12 IST 2016 
Temp of core 1 : +51.0°CV at Fri May  6 02:54:12 IST 2016 
Temp of core 2 : +53.0°CV at Fri May  6 02:54:12 IST 2016 
Temp of core 3 : +53.0°CV at Fri May  6 02:54:12 IST 2016  
---------------------------ONDEMAND mode started at time Fri May  6 02:54:13 IST 2016  ------------------------------- :
 frequency of core 0 : 1200000  khz at Fri May  6 02:54:14 IST 2016 
frequency of  core 1 : 1200000 khz at Fri May  6 02:54:14 IST 2016 
frequency of core 2 : 1200000  khz at Fri May  6 02:54:14 IST 2016  
frequency of core 3 : 1200000 khz at Fri May  6 02:54:14 IST 2016 
Voltage of core 0 : 0.900634765625V at Fri May  6 02:54:14 IST 2016  
Voltage of core 1 : 0.900634765625V at Fri May  6 02:54:14 IST 2016 
Voltage of core 2 : 0.8255615234375V at Fri May  6 02:54:14 IST 2016 
Voltage of core 3 : 0.8856201171875V at Fri May  6 02:54:15 IST 2016 
Temp of core 0 : +50.0°CV at Fri May  6 02:54:15 IST 2016 
Temp of core 1 : +50.0°CV at Fri May  6 02:54:15 IST 2016 
Temp of core 2 : +53.0°CV at Fri May  6 02:54:15 IST 2016 
Temp of core 3 : +53.0°CV at Fri May  6 02:54:15 IST 2016  
frequency of core 0 : 1200000  khz at Fri May  6 02:54:16 IST 2016 
frequency of  core 1 : 1200000 khz at Fri May  6 02:54:16 IST 2016 
frequency of core 2 : 1200000  khz at Fri May  6 02:54:16 IST 2016  
frequency of core 3 : 1200000 khz at Fri May  6 02:54:16 IST 2016 
Voltage of core 0 : 0.900634765625V at Fri May  6 02:54:16 IST 2016  
Voltage of core 1 : 0.880615234375V at Fri May  6 02:54:16 IST 2016 
Voltage of core 2 : 0.8856201171875V at Fri May  6 02:54:16 IST 2016 
Voltage of core 3 : 0.8155517578125V at Fri May  6 02:54:17 IST 2016 
Temp of core 0 : +50.0°CV at Fri May  6 02:54:17 IST 2016 
Temp of core 1 : +50.0°CV at Fri May  6 02:54:17 IST 2016 
Temp of core 2 : +53.0°CV at Fri May  6 02:54:17 IST 2016 
Temp of core 3 : +53.0°CV at Fri May  6 02:54:17 IST 2016  
